<?xml version="1.0" encoding="UTF-8" standalone="no"?>
<ns3:canreg xmlns:ns3="http://xml.netbeans.org/schema/canregSystemFileSchema" xmlns:xsi="http://www.w3.org/2001/XMLSchema-instance" xsi:schemaLocation="http://xml.netbeans.org/schema/canregSystemFileSchema ../../src/META-INF/canregSystemFileSchema.xsd">
  <ns3:general>
    <ns3:registry_code>TEST</ns3:registry_code>
    <ns3:region_code>2</ns3:region_code>
    <ns3:registry_name>Training System (English)</ns3:registry_name>
    <ns3:working_language>en</ns3:working_language>
  </ns3:general>
  <ns3:dictionaries>
    <ns3:dictionary>
      <ns3:dictionary_id>0</ns3:dictionary_id>
      <ns3:name>Record status</ns3:name>
      <ns3:font>Latin</ns3:font>
      <ns3:type>Simple</ns3:type>
      <ns3:code_length>0</ns3:code_length>
      <ns3:category_description_length>0</ns3:category_description_length>
      <ns3:full_dictionary_code_length>1</ns3:full_dictionary_code_length>
      <ns3:full_dictionary_description_length>10</ns3:full_dictionary_description_length>
    </ns3:dictionary>
    <ns3:dictionary>
      <ns3:dictionary_id>1</ns3:dictionary_id>
      <ns3:name>Check status</ns3:name>
      <ns3:font>Latin</ns3:font>
      <ns3:type>Simple</ns3:type>
      <ns3:code_length>0</ns3:code_length>
      <ns3:category_description_length>0</ns3:category_description_length>
      <ns3:full_dictionary_code_length>1</ns3:full_dictionary_code_length>
      <ns3:full_dictionary_description_length>18</ns3:full_dictionary_description_length>
    </ns3:dictionary>
    <ns3:dictionary>
      <ns3:dictionary_id>2</ns3:dictionary_id>
      <ns3:name>Person search</ns3:name>
      <ns3:font>Latin</ns3:font>
      <ns3:type>Simple</ns3:type>
      <ns3:code_length>0</ns3:code_length>
      <ns3:category_description_length>0</ns3:category_description_length>
      <ns3:full_dictionary_code_length>1</ns3:full_dictionary_code_length>
      <ns3:full_dictionary_description_length>18</ns3:full_dictionary_description_length>
    </ns3:dictionary>
    <ns3:dictionary>
      <ns3:dictionary_id>3</ns3:dictionary_id>
      <ns3:name>Topography</ns3:name>
      <ns3:font>Latin</ns3:font>
      <ns3:type>Compound</ns3:type>
      <ns3:code_length>2</ns3:code_length>
      <ns3:category_description_length>18</ns3:category_description_length>
      <ns3:full_dictionary_code_length>3</ns3:full_dictionary_code_length>
      <ns3:full_dictionary_description_length>36</ns3:full_dictionary_description_length>
    </ns3:dictionary>
    <ns3:dictionary>
      <ns3:dictionary_id>4</ns3:dictionary_id>
      <ns3:name>Morphology</ns3:name>
      <ns3:font>Latin</ns3:font>
      <ns3:type>Simple</ns3:type>
      <ns3:code_length>0</ns3:code_length>
      <ns3:category_description_length>0</ns3:category_description_length>
      <ns3:full_dictionary_code_length>4</ns3:full_dictionary_code_length>
      <ns3:full_dictionary_description_length>47</ns3:full_dictionary_description_length>
    </ns3:dictionary>
    <ns3:dictionary>
      <ns3:dictionary_id>5</ns3:dictionary_id>
      <ns3:name>Behaviour</ns3:name>
      <ns3:font>Latin</ns3:font>
      <ns3:type>Simple</ns3:type>
      <ns3:code_length>0</ns3:code_length>
      <ns3:category_description_length>0</ns3:category_description_length>
      <ns3:full_dictionary_code_length>1</ns3:full_dictionary_code_length>
      <ns3:full_dictionary_description_length>20</ns3:full_dictionary_description_length>
    </ns3:dictionary>
    <ns3:dictionary>
      <ns3:dictionary_id>6</ns3:dictionary_id>
      <ns3:name>Sex</ns3:name>
      <ns3:font>Latin</ns3:font>
      <ns3:type>Simple</ns3:type>
      <ns3:code_length>0</ns3:code_length>
      <ns3:category_description_length>0</ns3:category_description_length>
      <ns3:full_dictionary_code_length>1</ns3:full_dictionary_code_length>
      <ns3:full_dictionary_description_length>10</ns3:full_dictionary_description_length>
    </ns3:dictionary>
    <ns3:dictionary>
      <ns3:dictionary_id>7</ns3:dictionary_id>
      <ns3:name>Basis of Diagnosis</ns3:name>
      <ns3:font>Latin</ns3:font>
      <ns3:type>Simple</ns3:type>
      <ns3:code_length>0</ns3:code_length>
      <ns3:category_description_length>0</ns3:category_description_length>
      <ns3:full_dictionary_code_length>1</ns3:full_dictionary_code_length>
      <ns3:full_dictionary_description_length>23</ns3:full_dictionary_description_length>
    </ns3:dictionary>
    <ns3:dictionary>
      <ns3:dictionary_id>8</ns3:dictionary_id>
      <ns3:name>Race</ns3:name>
      <ns3:font>Latin</ns3:font>
      <ns3:type>Simple</ns3:type>
      <ns3:code_length>0</ns3:code_length>
      <ns3:category_description_length>255</ns3:category_description_length>
      <ns3:full_dictionary_code_length>1</ns3:full_dictionary_code_length>
      <ns3:full_dictionary_description_length>255</ns3:full_dictionary_description_length>
    </ns3:dictionary>
    <ns3:dictionary>
      <ns3:dictionary_id>9</ns3:dictionary_id>
      <ns3:name>Address</ns3:name>
      <ns3:font>Latin</ns3:font>
      <ns3:type>Simple</ns3:type>
      <ns3:code_length>5</ns3:code_length>
      <ns3:category_description_length>255</ns3:category_description_length>
      <ns3:full_dictionary_code_length>5</ns3:full_dictionary_code_length>
      <ns3:full_dictionary_description_length>255</ns3:full_dictionary_description_length>
    </ns3:dictionary>
    <ns3:dictionary>
      <ns3:dictionary_id>10</ns3:dictionary_id>
      <ns3:name>Occupation</ns3:name>
      <ns3:font>Latin</ns3:font>
      <ns3:type>Simple</ns3:type>
      <ns3:code_length>0</ns3:code_length>
      <ns3:category_description_length>255</ns3:category_description_length>
      <ns3:full_dictionary_code_length>7</ns3:full_dictionary_code_length>
      <ns3:full_dictionary_description_length>255</ns3:full_dictionary_description_length>
    </ns3:dictionary>
    <ns3:dictionary>
      <ns3:dictionary_id>11</ns3:dictionary_id>
      <ns3:name>Source</ns3:name>
      <ns3:font>Latin</ns3:font>
      <ns3:type>Simple</ns3:type>
      <ns3:code_length>0</ns3:code_length>
      <ns3:category_description_length>255</ns3:category_description_length>
      <ns3:full_dictionary_code_length>3</ns3:full_dictionary_code_length>
      <ns3:full_dictionary_description_length>255</ns3:full_dictionary_description_length>
    </ns3:dictionary>
    <ns3:dictionary>
      <ns3:dictionary_id>12</ns3:dictionary_id>
      <ns3:name>Unit</ns3:name>
      <ns3:font>Latin</ns3:font>
      <ns3:type>Simple</ns3:type>
      <ns3:code_length>0</ns3:code_length>
      <ns3:category_description_length>0</ns3:category_description_length>
      <ns3:full_dictionary_code_length>2</ns3:full_dictionary_code_length>
      <ns3:full_dictionary_description_length>16</ns3:full_dictionary_description_length>
    </ns3:dictionary>
    <ns3:dictionary>
      <ns3:dictionary_id>13</ns3:dictionary_id>
      <ns3:name>Vital status</ns3:name>
      <ns3:font>Latin</ns3:font>
      <ns3:type>Simple</ns3:type>
      <ns3:code_length>0</ns3:code_length>
      <ns3:category_description_length>255</ns3:category_description_length>
      <ns3:full_dictionary_code_length>1</ns3:full_dictionary_code_length>
      <ns3:full_dictionary_description_length>255</ns3:full_dictionary_description_length>
    </ns3:dictionary>
    <ns3:dictionary>
      <ns3:dictionary_id>14</ns3:dictionary_id>
      <ns3:name>Civil Status</ns3:name>
      <ns3:font>Latin</ns3:font>
      <ns3:type>Simple</ns3:type>
      <ns3:code_length>0</ns3:code_length>
      <ns3:category_description_length>255</ns3:category_description_length>
      <ns3:full_dictionary_code_length>1</ns3:full_dictionary_code_length>
      <ns3:full_dictionary_description_length>255</ns3:full_dictionary_description_length>
    </ns3:dictionary>
    <ns3:dictionary>
      <ns3:dictionary_id>15</ns3:dictionary_id>
      <ns3:name>Extent</ns3:name>
      <ns3:font>Latin</ns3:font>
      <ns3:type>Simple</ns3:type>
      <ns3:code_length>0</ns3:code_length>
      <ns3:category_description_length>255</ns3:category_description_length>
      <ns3:full_dictionary_code_length>2</ns3:full_dictionary_code_length>
      <ns3:full_dictionary_description_length>255</ns3:full_dictionary_description_length>
    </ns3:dictionary>
    <ns3:dictionary>
      <ns3:dictionary_id>16</ns3:dictionary_id>
      <ns3:name>Cause of Death</ns3:name>
      <ns3:font>Latin</ns3:font>
      <ns3:type>Simple</ns3:type>
      <ns3:code_length>0</ns3:code_length>
      <ns3:category_description_length>255</ns3:category_description_length>
      <ns3:full_dictionary_code_length>1</ns3:full_dictionary_code_length>
      <ns3:full_dictionary_description_length>255</ns3:full_dictionary_description_length>
    </ns3:dictionary>
    <ns3:dictionary>
      <ns3:dictionary_id>17</ns3:dictionary_id>
      <ns3:name>Data collector</ns3:name>
      <ns3:font>Latin</ns3:font>
      <ns3:type>Simple</ns3:type>
      <ns3:code_length>0</ns3:code_length>
      <ns3:category_description_length>255</ns3:category_description_length>
      <ns3:full_dictionary_code_length>2</ns3:full_dictionary_code_length>
      <ns3:full_dictionary_description_length>255</ns3:full_dictionary_description_length>
    </ns3:dictionary>
    <ns3:dictionary>
      <ns3:dictionary_id>18</ns3:dictionary_id>
      <ns3:name>Registrar</ns3:name>
      <ns3:font>Latin</ns3:font>
      <ns3:type>Simple</ns3:type>
      <ns3:code_length>0</ns3:code_length>
      <ns3:category_description_length>255</ns3:category_description_length>
      <ns3:full_dictionary_code_length>2</ns3:full_dictionary_code_length>
      <ns3:full_dictionary_description_length>255</ns3:full_dictionary_description_length>
    </ns3:dictionary>
    <ns3:dictionary>
      <ns3:dictionary_id>19</ns3:dictionary_id>
      <ns3:name>Laterality</ns3:name>
      <ns3:font>Latin</ns3:font>
      <ns3:type>Simple</ns3:type>
      <ns3:code_length>0</ns3:code_length>
      <ns3:category_description_length>255</ns3:category_description_length>
      <ns3:full_dictionary_code_length>1</ns3:full_dictionary_code_length>
      <ns3:full_dictionary_description_length>255</ns3:full_dictionary_description_length>
    </ns3:dictionary>
  </ns3:dictionaries>
  <ns3:groups>
    <ns3:group>
      <ns3:group_id>0</ns3:group_id>
      <ns3:name>New Control Panel</ns3:name>
    </ns3:group>
    <ns3:group>
      <ns3:group_id>1</ns3:group_id>
      <ns3:name>Patient</ns3:name>
    </ns3:group>
    <ns3:group>
      <ns3:group_id>2</ns3:group_id>
      <ns3:name>Tumour</ns3:name>
    </ns3:group>
    <ns3:group>
      <ns3:group_id>3</ns3:group_id>
      <ns3:name>Source</ns3:name>
    </ns3:group>
    <ns3:group>
      <ns3:group_id>4</ns3:group_id>
      <ns3:name>Follow up</ns3:name>
    </ns3:group>
  </ns3:groups>
  <ns3:variables>
    <ns3:variable>
      <ns3:variable_id>0</ns3:variable_id>
      <ns3:full_name>Registry Number</ns3:full_name>
      <ns3:short_name>RegNo</ns3:short_name>
      <ns3:english_name>Reg.No.</ns3:english_name>
      <ns3:group_id>0</ns3:group_id>
      <ns3:fill_in_status>Automatic</ns3:fill_in_status>
      <ns3:multiple_primary_copy>Intr</ns3:multiple_primary_copy>
      <ns3:variable_type>Alpha</ns3:variable_type>
      <ns3:variable_length>8</ns3:variable_length>
      <ns3:table>Patient</ns3:table>
      <ns3:standard_variable_name>PatientID</ns3:standard_variable_name>
      <ns3:variable_X_pos>6</ns3:variable_X_pos>
      <ns3:variable_Y_pos>0</ns3:variable_Y_pos>
    </ns3:variable>
    <ns3:variable>
      <ns3:variable_id>1</ns3:variable_id>
      <ns3:full_name>Record status</ns3:full_name>
      <ns3:short_name>RecS</ns3:short_name>
      <ns3:english_name>Rec.Stat.</ns3:english_name>
      <ns3:group_id>0</ns3:group_id>
      <ns3:fill_in_status>Automatic</ns3:fill_in_status>
      <ns3:multiple_primary_copy>Intr</ns3:multiple_primary_copy>
      <ns3:variable_type>Dict</ns3:variable_type>
      <ns3:use_dictionary>Record status</ns3:use_dictionary>
      <ns3:table>Tumour</ns3:table>
      <ns3:standard_variable_name>TumourRecordStatus</ns3:standard_variable_name>
      <ns3:variable_X_pos>457</ns3:variable_X_pos>
      <ns3:variable_Y_pos>100</ns3:variable_Y_pos>
    </ns3:variable>
    <ns3:variable>
      <ns3:variable_id>2</ns3:variable_id>
      <ns3:full_name>Check status</ns3:full_name>
      <ns3:short_name>Chec</ns3:short_name>
      <ns3:english_name>Check</ns3:english_name>
      <ns3:group_id>0</ns3:group_id>
      <ns3:fill_in_status>Automatic</ns3:fill_in_status>
      <ns3:multiple_primary_copy>Othr</ns3:multiple_primary_copy>
      <ns3:variable_type>Dict</ns3:variable_type>
      <ns3:use_dictionary>Check status</ns3:use_dictionary>
      <ns3:table>Tumour</ns3:table>
      <ns3:standard_variable_name>CheckStatus</ns3:standard_variable_name>
      <ns3:variable_X_pos>121</ns3:variable_X_pos>
      <ns3:variable_Y_pos>200</ns3:variable_Y_pos>
    </ns3:variable>
    <ns3:variable>
      <ns3:variable_id>3</ns3:variable_id>
      <ns3:full_name>Person search</ns3:full_name>
      <ns3:short_name>PerS</ns3:short_name>
      <ns3:english_name>Per.Search</ns3:english_name>
      <ns3:group_id>0</ns3:group_id>
      <ns3:fill_in_status>Automatic</ns3:fill_in_status>
      <ns3:multiple_primary_copy>Must</ns3:multiple_primary_copy>
      <ns3:variable_type>Dict</ns3:variable_type>
      <ns3:use_dictionary>Person search</ns3:use_dictionary>
      <ns3:table>Patient</ns3:table>
      <ns3:standard_variable_name>PersonSearch</ns3:standard_variable_name>
      <ns3:variable_X_pos>121</ns3:variable_X_pos>
      <ns3:variable_Y_pos>300</ns3:variable_Y_pos>
    </ns3:variable>
    <ns3:variable>
      <ns3:variable_id>4</ns3:variable_id>
      <ns3:full_name>First names</ns3:full_name>
      <ns3:short_name>FirstN</ns3:short_name>
      <ns3:english_name>First Name</ns3:english_name>
      <ns3:group_id>1</ns3:group_id>
      <ns3:fill_in_status>Optional</ns3:fill_in_status>
      <ns3:multiple_primary_copy>Prob</ns3:multiple_primary_copy>
      <ns3:variable_type>Alpha</ns3:variable_type>
      <ns3:variable_length>128</ns3:variable_length>
      <ns3:table>Patient</ns3:table>
      <ns3:standard_variable_name>FirstName</ns3:standard_variable_name>
      <ns3:variable_X_pos>197</ns3:variable_X_pos>
      <ns3:variable_Y_pos>400</ns3:variable_Y_pos>
    </ns3:variable>
    <ns3:variable>
      <ns3:variable_id>5</ns3:variable_id>
      <ns3:full_name>MiddleName</ns3:full_name>
      <ns3:short_name>MidN</ns3:short_name>
      <ns3:english_name>MiddleName</ns3:english_name>
      <ns3:group_id>1</ns3:group_id>
      <ns3:fill_in_status>Optional</ns3:fill_in_status>
      <ns3:multiple_primary_copy>Prob</ns3:multiple_primary_copy>
      <ns3:variable_type>Alpha</ns3:variable_type>
      <ns3:variable_length>128</ns3:variable_length>
      <ns3:table>Patient</ns3:table>
      <ns3:variable_X_pos>36</ns3:variable_X_pos>
      <ns3:variable_Y_pos>500</ns3:variable_Y_pos>
    </ns3:variable>
    <ns3:variable>
      <ns3:variable_id>6</ns3:variable_id>
      <ns3:full_name>Maiden name</ns3:full_name>
      <ns3:short_name>MaidN</ns3:short_name>
      <ns3:english_name>-6-</ns3:english_name>
      <ns3:group_id>1</ns3:group_id>
      <ns3:fill_in_status>Optional</ns3:fill_in_status>
      <ns3:multiple_primary_copy>Prob</ns3:multiple_primary_copy>
      <ns3:variable_type>Alpha</ns3:variable_type>
      <ns3:variable_length>128</ns3:variable_length>
      <ns3:table>Patient</ns3:table>
      <ns3:variable_X_pos>365</ns3:variable_X_pos>
      <ns3:variable_Y_pos>600</ns3:variable_Y_pos>
    </ns3:variable>
    <ns3:variable>
      <ns3:variable_id>7</ns3:variable_id>
      <ns3:full_name>Family Name</ns3:full_name>
      <ns3:short_name>FamN</ns3:short_name>
      <ns3:english_name>Family Name</ns3:english_name>
      <ns3:group_id>1</ns3:group_id>
      <ns3:fill_in_status>Mandatory</ns3:fill_in_status>
      <ns3:multiple_primary_copy>Prob</ns3:multiple_primary_copy>
      <ns3:variable_type>Alpha</ns3:variable_type>
      <ns3:variable_length>128</ns3:variable_length>
      <ns3:table>Patient</ns3:table>
      <ns3:standard_variable_name>Surname</ns3:standard_variable_name>
      <ns3:variable_X_pos>36</ns3:variable_X_pos>
      <ns3:variable_Y_pos>700</ns3:variable_Y_pos>
    </ns3:variable>
    <ns3:variable>
      <ns3:variable_id>8</ns3:variable_id>
      <ns3:full_name>Sex</ns3:full_name>
      <ns3:short_name>Sex</ns3:short_name>
      <ns3:english_name>Sex</ns3:english_name>
      <ns3:group_id>1</ns3:group_id>
      <ns3:fill_in_status>Mandatory</ns3:fill_in_status>
      <ns3:multiple_primary_copy>Must</ns3:multiple_primary_copy>
      <ns3:variable_type>Dict</ns3:variable_type>
      <ns3:use_dictionary>Sex</ns3:use_dictionary>
      <ns3:table>Patient</ns3:table>
      <ns3:standard_variable_name>Sex</ns3:standard_variable_name>
      <ns3:variable_X_pos>44</ns3:variable_X_pos>
      <ns3:variable_Y_pos>800</ns3:variable_Y_pos>
    </ns3:variable>
    <ns3:variable>
      <ns3:variable_id>9</ns3:variable_id>
      <ns3:full_name>Age</ns3:full_name>
      <ns3:short_name>Age</ns3:short_name>
      <ns3:english_name>Age</ns3:english_name>
      <ns3:group_id>1</ns3:group_id>
      <ns3:fill_in_status>Mandatory</ns3:fill_in_status>
      <ns3:multiple_primary_copy>Intr</ns3:multiple_primary_copy>
      <ns3:variable_type>Number</ns3:variable_type>
      <ns3:variable_length>3</ns3:variable_length>
      <ns3:table>Tumour</ns3:table>
      <ns3:standard_variable_name>Age</ns3:standard_variable_name>
      <ns3:variable_X_pos>265</ns3:variable_X_pos>
      <ns3:variable_Y_pos>900</ns3:variable_Y_pos>
    </ns3:variable>
    <ns3:variable>
      <ns3:variable_id>10</ns3:variable_id>
      <ns3:full_name>Birth date</ns3:full_name>
      <ns3:short_name>BirthD</ns3:short_name>
      <ns3:english_name>Birth Date</ns3:english_name>
      <ns3:group_id>1</ns3:group_id>
      <ns3:fill_in_status>Mandatory</ns3:fill_in_status>
      <ns3:multiple_primary_copy>Must</ns3:multiple_primary_copy>
      <ns3:variable_type>Date</ns3:variable_type>
      <ns3:variable_length>8</ns3:variable_length>
      <ns3:table>Patient</ns3:table>
      <ns3:standard_variable_name>BirthDate</ns3:standard_variable_name>
      <ns3:variable_X_pos>409</ns3:variable_X_pos>
      <ns3:variable_Y_pos>1000</ns3:variable_Y_pos>
    </ns3:variable>
    <ns3:variable>
      <ns3:variable_id>11</ns3:variable_id>
      <ns3:full_name>Race</ns3:full_name>
      <ns3:short_name>Race</ns3:short_name>
      <ns3:english_name>Race</ns3:english_name>
      <ns3:group_id>1</ns3:group_id>
      <ns3:fill_in_status>Optional</ns3:fill_in_status>
      <ns3:multiple_primary_copy>Must</ns3:multiple_primary_copy>
      <ns3:variable_type>Dict</ns3:variable_type>
      <ns3:use_dictionary>Race</ns3:use_dictionary>
      <ns3:table>Patient</ns3:table>
      <ns3:variable_X_pos>44</ns3:variable_X_pos>
      <ns3:variable_Y_pos>1100</ns3:variable_Y_pos>
    </ns3:variable>
    <ns3:variable>
      <ns3:variable_id>12</ns3:variable_id>
      <ns3:full_name>Address</ns3:full_name>
      <ns3:short_name>Addr</ns3:short_name>
      <ns3:english_name>Address</ns3:english_name>
      <ns3:group_id>1</ns3:group_id>
      <ns3:fill_in_status>Mandatory</ns3:fill_in_status>
      <ns3:multiple_primary_copy>Prob</ns3:multiple_primary_copy>
      <ns3:variable_type>Dict</ns3:variable_type>
      <ns3:use_dictionary>Address</ns3:use_dictionary>
      <ns3:table>Tumour</ns3:table>
      <ns3:standard_variable_name>AddressCode</ns3:standard_variable_name>
      <ns3:variable_X_pos>44</ns3:variable_X_pos>
      <ns3:variable_Y_pos>1200</ns3:variable_Y_pos>
    </ns3:variable>
    <ns3:variable>
      <ns3:variable_id>13</ns3:variable_id>
      <ns3:full_name>Occupation</ns3:full_name>
      <ns3:short_name>Occu</ns3:short_name>
      <ns3:english_name>-12-</ns3:english_name>
      <ns3:group_id>1</ns3:group_id>
      <ns3:fill_in_status>Optional</ns3:fill_in_status>
      <ns3:multiple_primary_copy>Prob</ns3:multiple_primary_copy>
      <ns3:variable_type>Dict</ns3:variable_type>
      <ns3:use_dictionary>Occupation</ns3:use_dictionary>
      <ns3:table>Patient</ns3:table>
      <ns3:variable_X_pos>322</ns3:variable_X_pos>
      <ns3:variable_Y_pos>1300</ns3:variable_Y_pos>
    </ns3:variable>
    <ns3:variable>
      <ns3:variable_id>14</ns3:variable_id>
      <ns3:full_name>Incidence date</ns3:full_name>
      <ns3:short_name>InciD</ns3:short_name>
      <ns3:english_name>Incid.Date</ns3:english_name>
      <ns3:group_id>2</ns3:group_id>
      <ns3:fill_in_status>Mandatory</ns3:fill_in_status>
      <ns3:multiple_primary_copy>Intr</ns3:multiple_primary_copy>
      <ns3:variable_type>Date</ns3:variable_type>
      <ns3:variable_length>8</ns3:variable_length>
      <ns3:table>Tumour</ns3:table>
      <ns3:standard_variable_name>IncidenceDate</ns3:standard_variable_name>
      <ns3:variable_X_pos>130</ns3:variable_X_pos>
      <ns3:variable_Y_pos>1400</ns3:variable_Y_pos>
    </ns3:variable>
    <ns3:variable>
      <ns3:variable_id>15</ns3:variable_id>
      <ns3:full_name>Topography</ns3:full_name>
      <ns3:short_name>Top</ns3:short_name>
      <ns3:english_name>Topog.</ns3:english_name>
      <ns3:group_id>2</ns3:group_id>
      <ns3:fill_in_status>Mandatory</ns3:fill_in_status>
      <ns3:multiple_primary_copy>Intr</ns3:multiple_primary_copy>
      <ns3:variable_type>Dict</ns3:variable_type>
      <ns3:use_dictionary>Topography</ns3:use_dictionary>
      <ns3:table>Tumour</ns3:table>
      <ns3:standard_variable_name>Topography</ns3:standard_variable_name>
      <ns3:variable_X_pos>101</ns3:variable_X_pos>
      <ns3:variable_Y_pos>1500</ns3:variable_Y_pos>
    </ns3:variable>
    <ns3:variable>
      <ns3:variable_id>16</ns3:variable_id>
      <ns3:full_name>Morphology</ns3:full_name>
      <ns3:short_name>Mor</ns3:short_name>
      <ns3:english_name>Morpg.</ns3:english_name>
      <ns3:group_id>2</ns3:group_id>
      <ns3:fill_in_status>Mandatory</ns3:fill_in_status>
      <ns3:multiple_primary_copy>Intr</ns3:multiple_primary_copy>
      <ns3:variable_type>Dict</ns3:variable_type>
      <ns3:use_dictionary>Morphology</ns3:use_dictionary>
      <ns3:table>Tumour</ns3:table>
      <ns3:standard_variable_name>Morphology</ns3:standard_variable_name>
      <ns3:variable_X_pos>101</ns3:variable_X_pos>
      <ns3:variable_Y_pos>1600</ns3:variable_Y_pos>
    </ns3:variable>
    <ns3:variable>
      <ns3:variable_id>17</ns3:variable_id>
      <ns3:full_name>Behaviour</ns3:full_name>
      <ns3:short_name>Beh</ns3:short_name>
      <ns3:english_name>Behav.</ns3:english_name>
      <ns3:group_id>2</ns3:group_id>
      <ns3:fill_in_status>Mandatory</ns3:fill_in_status>
      <ns3:multiple_primary_copy>Intr</ns3:multiple_primary_copy>
      <ns3:variable_type>Dict</ns3:variable_type>
      <ns3:use_dictionary>Behaviour</ns3:use_dictionary>
      <ns3:table>Tumour</ns3:table>
      <ns3:standard_variable_name>Behaviour</ns3:standard_variable_name>
      <ns3:variable_X_pos>101</ns3:variable_X_pos>
      <ns3:variable_Y_pos>1700</ns3:variable_Y_pos>
    </ns3:variable>
    <ns3:variable>
      <ns3:variable_id>18</ns3:variable_id>
      <ns3:full_name>Basis diagnosis</ns3:full_name>
      <ns3:short_name>Bas</ns3:short_name>
      <ns3:english_name>Basis Diag.</ns3:english_name>
      <ns3:group_id>2</ns3:group_id>
      <ns3:fill_in_status>Mandatory</ns3:fill_in_status>
      <ns3:multiple_primary_copy>Intr</ns3:multiple_primary_copy>
      <ns3:variable_type>Dict</ns3:variable_type>
      <ns3:use_dictionary>Basis of Diagnosis</ns3:use_dictionary>
      <ns3:table>Tumour</ns3:table>
      <ns3:standard_variable_name>BasisDiagnosis</ns3:standard_variable_name>
      <ns3:variable_X_pos>358</ns3:variable_X_pos>
      <ns3:variable_Y_pos>1800</ns3:variable_Y_pos>
    </ns3:variable>
    <ns3:variable>
      <ns3:variable_id>19</ns3:variable_id>
      <ns3:full_name>ICD-10</ns3:full_name>
      <ns3:short_name>I10</ns3:short_name>
      <ns3:english_name>ICD-10</ns3:english_name>
      <ns3:group_id>2</ns3:group_id>
      <ns3:fill_in_status>Automatic</ns3:fill_in_status>
      <ns3:multiple_primary_copy>Othr</ns3:multiple_primary_copy>
      <ns3:variable_type>Alpha</ns3:variable_type>
      <ns3:variable_length>4</ns3:variable_length>
      <ns3:table>Tumour</ns3:table>
      <ns3:standard_variable_name>ICD10</ns3:standard_variable_name>
      <ns3:variable_X_pos>101</ns3:variable_X_pos>
      <ns3:variable_Y_pos>1900</ns3:variable_Y_pos>
    </ns3:variable>
    <ns3:variable>
      <ns3:variable_id>20</ns3:variable_id>
      <ns3:full_name>Multiple Primary</ns3:full_name>
      <ns3:short_name>MPcode</ns3:short_name>
      <ns3:english_name>M.P.code</ns3:english_name>
      <ns3:group_id>0</ns3:group_id>
      <ns3:fill_in_status>Automatic</ns3:fill_in_status>
      <ns3:multiple_primary_copy>Must</ns3:multiple_primary_copy>
      <ns3:variable_type>Alpha</ns3:variable_type>
      <ns3:variable_length>8</ns3:variable_length>
      <ns3:table>Tumour</ns3:table>
      <ns3:standard_variable_name>MultPrimCode</ns3:standard_variable_name>
      <ns3:variable_X_pos>485</ns3:variable_X_pos>
      <ns3:variable_Y_pos>2000</ns3:variable_Y_pos>
    </ns3:variable>
    <ns3:variable>
      <ns3:variable_id>21</ns3:variable_id>
      <ns3:full_name>MP Seq</ns3:full_name>
      <ns3:short_name>MPSeq</ns3:short_name>
      <ns3:english_name>M.P.Seq.</ns3:english_name>
      <ns3:group_id>0</ns3:group_id>
      <ns3:fill_in_status>Automatic</ns3:fill_in_status>
      <ns3:multiple_primary_copy>Intr</ns3:multiple_primary_copy>
      <ns3:variable_type>Alpha</ns3:variable_type>
      <ns3:variable_length>2</ns3:variable_length>
      <ns3:table>Tumour</ns3:table>
      <ns3:standard_variable_name>MultPrimSeq</ns3:standard_variable_name>
      <ns3:variable_X_pos>106</ns3:variable_X_pos>
      <ns3:variable_Y_pos>2100</ns3:variable_Y_pos>
    </ns3:variable>
    <ns3:variable>
      <ns3:variable_id>22</ns3:variable_id>
      <ns3:full_name>MP Tot</ns3:full_name>
      <ns3:short_name>MPTot</ns3:short_name>
      <ns3:english_name>M.P.Tot.</ns3:english_name>
      <ns3:group_id>0</ns3:group_id>
      <ns3:fill_in_status>Automatic</ns3:fill_in_status>
      <ns3:multiple_primary_copy>Intr</ns3:multiple_primary_copy>
      <ns3:variable_type>Alpha</ns3:variable_type>
      <ns3:variable_length>1</ns3:variable_length>
      <ns3:table>Tumour</ns3:table>
      <ns3:standard_variable_name>MultPrimTot</ns3:standard_variable_name>
      <ns3:variable_X_pos>106</ns3:variable_X_pos>
      <ns3:variable_Y_pos>2200</ns3:variable_Y_pos>
    </ns3:variable>
    <ns3:variable>
      <ns3:variable_id>23</ns3:variable_id>
      <ns3:full_name>Source</ns3:full_name>
      <ns3:short_name>Source</ns3:short_name>
      <ns3:english_name>Source</ns3:english_name>
      <ns3:group_id>3</ns3:group_id>
      <ns3:fill_in_status>Optional</ns3:fill_in_status>
      <ns3:multiple_primary_copy>Intr</ns3:multiple_primary_copy>
      <ns3:variable_type>Dict</ns3:variable_type>
      <ns3:use_dictionary>Source</ns3:use_dictionary>
      <ns3:table>Source</ns3:table>
      <ns3:standard_variable_name>Source1</ns3:standard_variable_name>
      <ns3:variable_X_pos>101</ns3:variable_X_pos>
      <ns3:variable_Y_pos>2300</ns3:variable_Y_pos>
    </ns3:variable>
    <ns3:variable>
      <ns3:variable_id>24</ns3:variable_id>
      <ns3:full_name>Date of Source</ns3:full_name>
      <ns3:short_name>Date</ns3:short_name>
      <ns3:english_name>Date of Source</ns3:english_name>
      <ns3:group_id>3</ns3:group_id>
      <ns3:fill_in_status>Optional</ns3:fill_in_status>
      <ns3:multiple_primary_copy>Othr</ns3:multiple_primary_copy>
      <ns3:variable_type>Date</ns3:variable_type>
      <ns3:variable_length>8</ns3:variable_length>
      <ns3:table>Source</ns3:table>
      <ns3:variable_X_pos>0</ns3:variable_X_pos>
      <ns3:variable_Y_pos>2400</ns3:variable_Y_pos>
    </ns3:variable>
    <ns3:variable>
      <ns3:variable_id>25</ns3:variable_id>
      <ns3:full_name>Unit</ns3:full_name>
      <ns3:short_name>Unit</ns3:short_name>
      <ns3:english_name>-23-</ns3:english_name>
      <ns3:group_id>3</ns3:group_id>
      <ns3:fill_in_status>Optional</ns3:fill_in_status>
      <ns3:multiple_primary_copy>Othr</ns3:multiple_primary_copy>
      <ns3:variable_type>Dict</ns3:variable_type>
      <ns3:use_dictionary>Unit</ns3:use_dictionary>
      <ns3:table>Source</ns3:table>
      <ns3:variable_X_pos>101</ns3:variable_X_pos>
      <ns3:variable_Y_pos>2500</ns3:variable_Y_pos>
    </ns3:variable>
    <ns3:variable>
      <ns3:variable_id>26</ns3:variable_id>
      <ns3:full_name>Path lab nº</ns3:full_name>
      <ns3:short_name>LabNo</ns3:short_name>
      <ns3:english_name>-24-</ns3:english_name>
      <ns3:group_id>3</ns3:group_id>
      <ns3:fill_in_status>Optional</ns3:fill_in_status>
      <ns3:multiple_primary_copy>Intr</ns3:multiple_primary_copy>
      <ns3:variable_type>Alpha</ns3:variable_type>
      <ns3:variable_length>20</ns3:variable_length>
      <ns3:table>Source</ns3:table>
      <ns3:variable_X_pos>485</ns3:variable_X_pos>
      <ns3:variable_Y_pos>2600</ns3:variable_Y_pos>
    </ns3:variable>
    <ns3:variable>
      <ns3:variable_id>27</ns3:variable_id>
      <ns3:full_name>Case nº</ns3:full_name>
      <ns3:short_name>CasNo</ns3:short_name>
      <ns3:english_name>-25-</ns3:english_name>
      <ns3:group_id>3</ns3:group_id>
      <ns3:fill_in_status>Optional</ns3:fill_in_status>
      <ns3:multiple_primary_copy>Intr</ns3:multiple_primary_copy>
      <ns3:variable_type>Alpha</ns3:variable_type>
      <ns3:variable_length>20</ns3:variable_length>
      <ns3:table>Source</ns3:table>
      <ns3:variable_X_pos>485</ns3:variable_X_pos>
      <ns3:variable_Y_pos>2700</ns3:variable_Y_pos>
    </ns3:variable>
    <ns3:variable>
      <ns3:variable_id>28</ns3:variable_id>
      <ns3:full_name>Date last contact</ns3:full_name>
      <ns3:short_name>DLC</ns3:short_name>
      <ns3:english_name>Last Con.</ns3:english_name>
      <ns3:group_id>4</ns3:group_id>
      <ns3:fill_in_status>Optional</ns3:fill_in_status>
      <ns3:multiple_primary_copy>Must</ns3:multiple_primary_copy>
      <ns3:variable_type>Date</ns3:variable_type>
      <ns3:variable_length>8</ns3:variable_length>
      <ns3:table>Patient</ns3:table>
      <ns3:standard_variable_name>Lastcontact</ns3:standard_variable_name>
      <ns3:variable_X_pos>149</ns3:variable_X_pos>
      <ns3:variable_Y_pos>2800</ns3:variable_Y_pos>
    </ns3:variable>
    <ns3:variable>
      <ns3:variable_id>29</ns3:variable_id>
      <ns3:full_name>Status</ns3:full_name>
      <ns3:short_name>Stat</ns3:short_name>
      <ns3:english_name>-27-</ns3:english_name>
      <ns3:group_id>4</ns3:group_id>
      <ns3:fill_in_status>Optional</ns3:fill_in_status>
      <ns3:multiple_primary_copy>Must</ns3:multiple_primary_copy>
      <ns3:variable_type>Dict</ns3:variable_type>
      <ns3:use_dictionary>Vital status</ns3:use_dictionary>
      <ns3:table>Patient</ns3:table>
      <ns3:variable_X_pos>409</ns3:variable_X_pos>
      <ns3:variable_Y_pos>2900</ns3:variable_Y_pos>
    </ns3:variable>
    <ns3:variable>
      <ns3:variable_id>30</ns3:variable_id>
      <ns3:full_name>Update Date</ns3:full_name>
      <ns3:short_name>UpDate</ns3:short_name>
      <ns3:english_name>Update</ns3:english_name>
      <ns3:group_id>0</ns3:group_id>
      <ns3:fill_in_status>Automatic</ns3:fill_in_status>
      <ns3:multiple_primary_copy>Othr</ns3:multiple_primary_copy>
      <ns3:variable_type>Date</ns3:variable_type>
      <ns3:variable_length>8</ns3:variable_length>
      <ns3:table>Tumour</ns3:table>
      <ns3:standard_variable_name>TumourUpdateDate</ns3:standard_variable_name>
      <ns3:variable_X_pos>106</ns3:variable_X_pos>
      <ns3:variable_Y_pos>3000</ns3:variable_Y_pos>
    </ns3:variable>
    <ns3:variable>
      <ns3:variable_id>31</ns3:variable_id>
      <ns3:full_name>ICCC code</ns3:full_name>
      <ns3:short_name>ICCC</ns3:short_name>
      <ns3:english_name>ICCC</ns3:english_name>
      <ns3:group_id>2</ns3:group_id>
      <ns3:fill_in_status>Automatic</ns3:fill_in_status>
      <ns3:multiple_primary_copy>Othr</ns3:multiple_primary_copy>
      <ns3:variable_type>Alpha</ns3:variable_type>
      <ns3:variable_length>3</ns3:variable_length>
      <ns3:table>Tumour</ns3:table>
      <ns3:standard_variable_name>ICCC</ns3:standard_variable_name>
      <ns3:variable_X_pos>485</ns3:variable_X_pos>
      <ns3:variable_Y_pos>3100</ns3:variable_Y_pos>
    </ns3:variable>
    <ns3:variable>
      <ns3:variable_id>32</ns3:variable_id>
      <ns3:full_name>ObsoleteFlagTumourTable</ns3:full_name>
      <ns3:short_name>ObsoleteFlagTumourTable</ns3:short_name>
      <ns3:english_name>ObsoleteFlagTumourTable</ns3:english_name>
      <ns3:group_id>-1</ns3:group_id>
      <ns3:fill_in_status>Automatic</ns3:fill_in_status>
      <ns3:multiple_primary_copy>Othr</ns3:multiple_primary_copy>
      <ns3:variable_type>Alpha</ns3:variable_type>
      <ns3:variable_length>1</ns3:variable_length>
      <ns3:table>Tumour</ns3:table>
      <ns3:standard_variable_name>ObsoleteFlagTumourTable</ns3:standard_variable_name>
      <ns3:variable_X_pos>0</ns3:variable_X_pos>
      <ns3:variable_Y_pos>3200</ns3:variable_Y_pos>
    </ns3:variable>
    <ns3:variable>
      <ns3:variable_id>33</ns3:variable_id>
      <ns3:full_name>ObsoleteFlagPatientTable</ns3:full_name>
      <ns3:short_name>ObsoleteFlagPatientTable</ns3:short_name>
      <ns3:english_name>ObsoleteFlagPatientTable</ns3:english_name>
      <ns3:group_id>-1</ns3:group_id>
      <ns3:fill_in_status>Automatic</ns3:fill_in_status>
      <ns3:multiple_primary_copy>Othr</ns3:multiple_primary_copy>
      <ns3:variable_type>Alpha</ns3:variable_type>
      <ns3:variable_length>1</ns3:variable_length>
      <ns3:table>Patient</ns3:table>
      <ns3:standard_variable_name>ObsoleteFlagPatientTable</ns3:standard_variable_name>
      <ns3:variable_X_pos>0</ns3:variable_X_pos>
      <ns3:variable_Y_pos>3300</ns3:variable_Y_pos>
    </ns3:variable>
    <ns3:variable>
      <ns3:variable_id>34</ns3:variable_id>
      <ns3:full_name>TumourID</ns3:full_name>
      <ns3:short_name>TumourID</ns3:short_name>
      <ns3:english_name>TumourID</ns3:english_name>
      <ns3:group_id>-1</ns3:group_id>
      <ns3:fill_in_status>Automatic</ns3:fill_in_status>
      <ns3:multiple_primary_copy>Othr</ns3:multiple_primary_copy>
      <ns3:variable_type>Alpha</ns3:variable_type>
      <ns3:variable_length>12</ns3:variable_length>
      <ns3:table>Tumour</ns3:table>
      <ns3:standard_variable_name>TumourID</ns3:standard_variable_name>
      <ns3:variable_X_pos>0</ns3:variable_X_pos>
      <ns3:variable_Y_pos>3400</ns3:variable_Y_pos>
    </ns3:variable>
    <ns3:variable>
      <ns3:variable_id>35</ns3:variable_id>
      <ns3:full_name>PatientRecordID</ns3:full_name>
      <ns3:short_name>PatientRecordID</ns3:short_name>
      <ns3:english_name>PatientRecordID</ns3:english_name>
      <ns3:group_id>-1</ns3:group_id>
      <ns3:fill_in_status>Automatic</ns3:fill_in_status>
      <ns3:multiple_primary_copy>Othr</ns3:multiple_primary_copy>
      <ns3:variable_type>Alpha</ns3:variable_type>
      <ns3:variable_length>10</ns3:variable_length>
      <ns3:table>Patient</ns3:table>
      <ns3:standard_variable_name>PatientRecordID</ns3:standard_variable_name>
      <ns3:variable_X_pos>0</ns3:variable_X_pos>
      <ns3:variable_Y_pos>3500</ns3:variable_Y_pos>
    </ns3:variable>
    <ns3:variable>
      <ns3:variable_id>36</ns3:variable_id>
      <ns3:full_name>PatientIDTumourTable</ns3:full_name>
      <ns3:short_name>PatientIDTumourTable</ns3:short_name>
      <ns3:english_name>PatientIDTumourTable</ns3:english_name>
      <ns3:group_id>-1</ns3:group_id>
      <ns3:fill_in_status>Automatic</ns3:fill_in_status>
      <ns3:multiple_primary_copy>Othr</ns3:multiple_primary_copy>
      <ns3:variable_type>Alpha</ns3:variable_type>
      <ns3:variable_length>8</ns3:variable_length>
      <ns3:table>Tumour</ns3:table>
      <ns3:standard_variable_name>PatientIDTumourTable</ns3:standard_variable_name>
      <ns3:variable_X_pos>0</ns3:variable_X_pos>
      <ns3:variable_Y_pos>3600</ns3:variable_Y_pos>
    </ns3:variable>
    <ns3:variable>
      <ns3:variable_id>37</ns3:variable_id>
      <ns3:full_name>PatientRecordIDTumourTable</ns3:full_name>
      <ns3:short_name>PatientRecordIDTumourTable</ns3:short_name>
      <ns3:english_name>PatientRecordIDTumourTable</ns3:english_name>
      <ns3:group_id>-1</ns3:group_id>
      <ns3:fill_in_status>Automatic</ns3:fill_in_status>
      <ns3:multiple_primary_copy>Othr</ns3:multiple_primary_copy>
      <ns3:variable_type>Alpha</ns3:variable_type>
      <ns3:variable_length>10</ns3:variable_length>
      <ns3:table>Tumour</ns3:table>
      <ns3:standard_variable_name>PatientRecordIDTumourTable</ns3:standard_variable_name>
      <ns3:variable_X_pos>0</ns3:variable_X_pos>
      <ns3:variable_Y_pos>3700</ns3:variable_Y_pos>
    </ns3:variable>
    <ns3:variable>
      <ns3:variable_id>38</ns3:variable_id>
      <ns3:full_name>PatientUpdatedBy</ns3:full_name>
      <ns3:short_name>PatientUpdatedBy</ns3:short_name>
      <ns3:english_name>PatientUpdatedBy</ns3:english_name>
      <ns3:group_id>-1</ns3:group_id>
      <ns3:fill_in_status>Automatic</ns3:fill_in_status>
      <ns3:multiple_primary_copy>Othr</ns3:multiple_primary_copy>
      <ns3:variable_type>Alpha</ns3:variable_type>
      <ns3:variable_length>16</ns3:variable_length>
      <ns3:table>Patient</ns3:table>
      <ns3:standard_variable_name>PatientUpdatedBy</ns3:standard_variable_name>
      <ns3:variable_X_pos>0</ns3:variable_X_pos>
      <ns3:variable_Y_pos>3800</ns3:variable_Y_pos>
    </ns3:variable>
    <ns3:variable>
      <ns3:variable_id>39</ns3:variable_id>
      <ns3:full_name>TumourUpdatedBy</ns3:full_name>
      <ns3:short_name>TumourUpdatedBy</ns3:short_name>
      <ns3:english_name>TumourUpdatedBy</ns3:english_name>
      <ns3:group_id>-1</ns3:group_id>
      <ns3:fill_in_status>Automatic</ns3:fill_in_status>
      <ns3:multiple_primary_copy>Othr</ns3:multiple_primary_copy>
      <ns3:variable_type>Alpha</ns3:variable_type>
      <ns3:variable_length>16</ns3:variable_length>
      <ns3:table>Tumour</ns3:table>
      <ns3:standard_variable_name>TumourUpdatedBy</ns3:standard_variable_name>
      <ns3:variable_X_pos>0</ns3:variable_X_pos>
      <ns3:variable_Y_pos>3900</ns3:variable_Y_pos>
    </ns3:variable>
    <ns3:variable>
      <ns3:variable_id>40</ns3:variable_id>
      <ns3:full_name>PatientUpdateDate</ns3:full_name>
      <ns3:short_name>PatientUpdateDate</ns3:short_name>
      <ns3:english_name>PatientUpdateDate</ns3:english_name>
      <ns3:group_id>-1</ns3:group_id>
      <ns3:fill_in_status>Automatic</ns3:fill_in_status>
      <ns3:multiple_primary_copy>Othr</ns3:multiple_primary_copy>
      <ns3:variable_type>Date</ns3:variable_type>
      <ns3:variable_length>8</ns3:variable_length>
      <ns3:table>Patient</ns3:table>
      <ns3:standard_variable_name>PatientUpdateDate</ns3:standard_variable_name>
      <ns3:variable_X_pos>0</ns3:variable_X_pos>
      <ns3:variable_Y_pos>4000</ns3:variable_Y_pos>
    </ns3:variable>
    <ns3:variable>
      <ns3:variable_id>41</ns3:variable_id>
      <ns3:full_name>PatientRecordStatus</ns3:full_name>
      <ns3:short_name>PatientRecordStatus</ns3:short_name>
      <ns3:english_name>PatientRecordStatus</ns3:english_name>
      <ns3:group_id>-1</ns3:group_id>
      <ns3:fill_in_status>Automatic</ns3:fill_in_status>
      <ns3:multiple_primary_copy>Othr</ns3:multiple_primary_copy>
      <ns3:variable_type>Alpha</ns3:variable_type>
      <ns3:variable_length>1</ns3:variable_length>
      <ns3:table>Patient</ns3:table>
      <ns3:standard_variable_name>PatientRecordStatus</ns3:standard_variable_name>
      <ns3:variable_X_pos>0</ns3:variable_X_pos>
      <ns3:variable_Y_pos>4100</ns3:variable_Y_pos>
    </ns3:variable>
    <ns3:variable>
      <ns3:variable_id>42</ns3:variable_id>
      <ns3:full_name>PatientCheckStatus</ns3:full_name>
      <ns3:short_name>PatientCheckStatus</ns3:short_name>
      <ns3:english_name>PatientCheckStatus</ns3:english_name>
      <ns3:group_id>-1</ns3:group_id>
      <ns3:fill_in_status>Automatic</ns3:fill_in_status>
      <ns3:multiple_primary_copy>Othr</ns3:multiple_primary_copy>
      <ns3:variable_type>Alpha</ns3:variable_type>
      <ns3:variable_length>1</ns3:variable_length>
      <ns3:table>Patient</ns3:table>
      <ns3:standard_variable_name>PatientCheckStatus</ns3:standard_variable_name>
      <ns3:variable_X_pos>0</ns3:variable_X_pos>
      <ns3:variable_Y_pos>4200</ns3:variable_Y_pos>
    </ns3:variable>
    <ns3:variable>
      <ns3:variable_id>43</ns3:variable_id>
      <ns3:full_name>TumourUnduplicationStatus</ns3:full_name>
      <ns3:short_name>TumourUnduplicationStatus</ns3:short_name>
      <ns3:english_name>TumourUnduplicationStatus</ns3:english_name>
      <ns3:group_id>-1</ns3:group_id>
      <ns3:fill_in_status>Automatic</ns3:fill_in_status>
      <ns3:multiple_primary_copy>Othr</ns3:multiple_primary_copy>
      <ns3:variable_type>Alpha</ns3:variable_type>
      <ns3:variable_length>1</ns3:variable_length>
      <ns3:table>Tumour</ns3:table>
      <ns3:standard_variable_name>TumourUnduplicationStatus</ns3:standard_variable_name>
      <ns3:variable_X_pos>0</ns3:variable_X_pos>
      <ns3:variable_Y_pos>4300</ns3:variable_Y_pos>
    </ns3:variable>
    <ns3:variable>
      <ns3:variable_id>44</ns3:variable_id>
      <ns3:full_name>TumourIDSourceTable</ns3:full_name>
      <ns3:short_name>TumourIDSourceTable</ns3:short_name>
      <ns3:english_name>TumourIDSourceTable</ns3:english_name>
      <ns3:group_id>-1</ns3:group_id>
      <ns3:fill_in_status>Automatic</ns3:fill_in_status>
      <ns3:multiple_primary_copy>Othr</ns3:multiple_primary_copy>
      <ns3:variable_type>Alpha</ns3:variable_type>
      <ns3:variable_length>12</ns3:variable_length>
      <ns3:table>Source</ns3:table>
      <ns3:standard_variable_name>TumourIDSourceTable</ns3:standard_variable_name>
      <ns3:variable_X_pos>0</ns3:variable_X_pos>
      <ns3:variable_Y_pos>4400</ns3:variable_Y_pos>
    </ns3:variable>
    <ns3:variable>
      <ns3:variable_id>45</ns3:variable_id>
      <ns3:full_name>SourceRecordID</ns3:full_name>
      <ns3:short_name>SourceRecordID</ns3:short_name>
      <ns3:english_name>SourceRecordID</ns3:english_name>
      <ns3:group_id>-1</ns3:group_id>
      <ns3:fill_in_status>Automatic</ns3:fill_in_status>
      <ns3:multiple_primary_copy>Othr</ns3:multiple_primary_copy>
      <ns3:variable_type>Alpha</ns3:variable_type>
      <ns3:variable_length>14</ns3:variable_length>
      <ns3:table>Source</ns3:table>
      <ns3:standard_variable_name>SourceRecordID</ns3:standard_variable_name>
      <ns3:variable_X_pos>0</ns3:variable_X_pos>
      <ns3:variable_Y_pos>4500</ns3:variable_Y_pos>
    </ns3:variable>
    <ns3:variable>
      <ns3:variable_id>46</ns3:variable_id>
      <ns3:full_name>Civil Status</ns3:full_name>
      <ns3:short_name>CivilS</ns3:short_name>
      <ns3:english_name>Civil Status</ns3:english_name>
      <ns3:group_id>1</ns3:group_id>
      <ns3:fill_in_status>Optional</ns3:fill_in_status>
      <ns3:multiple_primary_copy>Othr</ns3:multiple_primary_copy>
      <ns3:variable_type>Dict</ns3:variable_type>
      <ns3:use_dictionary>Civil Status</ns3:use_dictionary>
      <ns3:table>Patient</ns3:table>
      <ns3:variable_X_pos>0</ns3:variable_X_pos>
      <ns3:variable_Y_pos>4600</ns3:variable_Y_pos>
    </ns3:variable>
    <ns3:variable>
      <ns3:variable_id>47</ns3:variable_id>
      <ns3:full_name>Extent</ns3:full_name>
      <ns3:short_name>Extent</ns3:short_name>
      <ns3:english_name>Extent</ns3:english_name>
      <ns3:group_id>2</ns3:group_id>
      <ns3:fill_in_status>Optional</ns3:fill_in_status>
      <ns3:multiple_primary_copy>Othr</ns3:multiple_primary_copy>
      <ns3:variable_type>Dict</ns3:variable_type>
      <ns3:use_dictionary>Extent</ns3:use_dictionary>
      <ns3:table>Tumour</ns3:table>
      <ns3:variable_X_pos>0</ns3:variable_X_pos>
      <ns3:variable_Y_pos>4700</ns3:variable_Y_pos>
    </ns3:variable>
    <ns3:variable>
      <ns3:variable_id>48</ns3:variable_id>
      <ns3:full_name>Date of Death</ns3:full_name>
      <ns3:short_name>DeathDate</ns3:short_name>
      <ns3:english_name>Date of Death</ns3:english_name>
      <ns3:group_id>4</ns3:group_id>
      <ns3:fill_in_status>Optional</ns3:fill_in_status>
      <ns3:multiple_primary_copy>Othr</ns3:multiple_primary_copy>
      <ns3:variable_type>Date</ns3:variable_type>
      <ns3:variable_length>8</ns3:variable_length>
      <ns3:table>Patient</ns3:table>
      <ns3:variable_X_pos>0</ns3:variable_X_pos>
      <ns3:variable_Y_pos>4800</ns3:variable_Y_pos>
    </ns3:variable>
    <ns3:variable>
      <ns3:variable_id>49</ns3:variable_id>
      <ns3:full_name>Cause of Death</ns3:full_name>
      <ns3:short_name>CauseOfDeath</ns3:short_name>
      <ns3:english_name>Cause of Death</ns3:english_name>
      <ns3:group_id>4</ns3:group_id>
      <ns3:fill_in_status>Optional</ns3:fill_in_status>
      <ns3:multiple_primary_copy>Othr</ns3:multiple_primary_copy>
      <ns3:variable_type>Dict</ns3:variable_type>
      <ns3:use_dictionary>Cause of Death</ns3:use_dictionary>
      <ns3:table>Patient</ns3:table>
      <ns3:variable_X_pos>0</ns3:variable_X_pos>
      <ns3:variable_Y_pos>4900</ns3:variable_Y_pos>
    </ns3:variable>
    <ns3:variable>
      <ns3:variable_id>50</ns3:variable_id>
      <ns3:full_name>Laterality</ns3:full_name>
      <ns3:short_name>Laterality</ns3:short_name>
      <ns3:english_name>Laterality</ns3:english_name>
      <ns3:group_id>2</ns3:group_id>
      <ns3:fill_in_status>Optional</ns3:fill_in_status>
      <ns3:multiple_primary_copy>Othr</ns3:multiple_primary_copy>
      <ns3:variable_type>Dict</ns3:variable_type>
      <ns3:use_dictionary>Laterality</ns3:use_dictionary>
      <ns3:table>Tumour</ns3:table>
      <ns3:variable_X_pos>0</ns3:variable_X_pos>
      <ns3:variable_Y_pos>5000</ns3:variable_Y_pos>
    </ns3:variable>
  </ns3:variables>
  <ns3:search_variables>
    <ns3:search_variable>
      <ns3:variable_name>FamN</ns3:variable_name>
      <ns3:weigth>25.0</ns3:weigth>
      <ns3:disc_power>1.0</ns3:disc_power>
      <ns3:reliability>1.0</ns3:reliability>
      <ns3:prescence>1.0</ns3:prescence>
      <ns3:compare_algorithm>soundex</ns3:compare_algorithm>
    </ns3:search_variable>
    <ns3:search_variable>
      <ns3:variable_name>FirstN</ns3:variable_name>
      <ns3:weigth>20.0</ns3:weigth>
      <ns3:disc_power>1.0</ns3:disc_power>
      <ns3:reliability>1.0</ns3:reliability>
      <ns3:prescence>1.0</ns3:prescence>
      <ns3:compare_algorithm>soundex</ns3:compare_algorithm>
    </ns3:search_variable>
    <ns3:search_variable>
      <ns3:variable_name>BirthD</ns3:variable_name>
      <ns3:weigth>16.0</ns3:weigth>
      <ns3:disc_power>1.0</ns3:disc_power>
      <ns3:reliability>1.0</ns3:reliability>
      <ns3:prescence>1.0</ns3:prescence>
      <ns3:compare_algorithm>date</ns3:compare_algorithm>
    </ns3:search_variable>
    <ns3:search_variable>
      <ns3:variable_name>Sex</ns3:variable_name>
      <ns3:weigth>5.0</ns3:weigth>
      <ns3:disc_power>1.0</ns3:disc_power>
      <ns3:reliability>1.0</ns3:reliability>
      <ns3:prescence>1.0</ns3:prescence>
      <ns3:compare_algorithm>code</ns3:compare_algorithm>
    </ns3:search_variable>
    <ns3:search_variable>
      <ns3:variable_name>Race</ns3:variable_name>
      <ns3:weigth>8.0</ns3:weigth>
      <ns3:disc_power>1.0</ns3:disc_power>
      <ns3:reliability>1.0</ns3:reliability>
      <ns3:prescence>1.0</ns3:prescence>
      <ns3:compare_algorithm>code</ns3:compare_algorithm>
    </ns3:search_variable>
    <ns3:minimum_match>70.0</ns3:minimum_match>
  </ns3:search_variables>
  <ns3:indexes>
    <ns3:index>
      <ns3:name>Sex</ns3:name>
      <ns3:table>Patient</ns3:table>
      <ns3:indexed_variable>
        <ns3:variable_name>Sex</ns3:variable_name>
      </ns3:indexed_variable>
      <ns3:indexed_variable>
        <ns3:variable_name>BirthD</ns3:variable_name>
      </ns3:indexed_variable>
    </ns3:index>
    <ns3:index>
      <ns3:name>ICD-10</ns3:name>
      <ns3:table>Tumour</ns3:table>
      <ns3:indexed_variable>
        <ns3:variable_name>I10</ns3:variable_name>
      </ns3:indexed_variable>
      <ns3:indexed_variable>
        <ns3:variable_name>InciD</ns3:variable_name>
      </ns3:indexed_variable>
    </ns3:index>
    <ns3:index>
      <ns3:name>Incidence date-Tumour</ns3:name>
      <ns3:table>Tumour</ns3:table>
      <ns3:indexed_variable>
        <ns3:variable_name>InciD</ns3:variable_name>
      </ns3:indexed_variable>
    </ns3:index>
    <ns3:index>
      <ns3:name>Multiple Primary-Tumour</ns3:name>
      <ns3:table>Tumour</ns3:table>
      <ns3:indexed_variable>
        <ns3:variable_name>MPcode</ns3:variable_name>
      </ns3:indexed_variable>
      <ns3:indexed_variable>
        <ns3:variable_name>InciD</ns3:variable_name>
      </ns3:indexed_variable>
    </ns3:index>
    <ns3:index>
      <ns3:name>Names</ns3:name>
      <ns3:table>Patient</ns3:table>
      <ns3:indexed_variable>
        <ns3:variable_name>FamN</ns3:variable_name>
      </ns3:indexed_variable>
      <ns3:indexed_variable>
        <ns3:variable_name>FirstN</ns3:variable_name>
      </ns3:indexed_variable>
    </ns3:index>
    <ns3:index>
      <ns3:name>PatientIDTumourTable-Tumour</ns3:name>
      <ns3:table>Tumour</ns3:table>
      <ns3:indexed_variable>
        <ns3:variable_name>PatientIDTumourTable</ns3:variable_name>
      </ns3:indexed_variable>
      <ns3:indexed_variable>
        <ns3:variable_name>PatientRecordIDTumourTable</ns3:variable_name>
      </ns3:indexed_variable>
    </ns3:index>
    <ns3:index>
      <ns3:name>Registry no-Patient</ns3:name>
      <ns3:table>Patient</ns3:table>
      <ns3:indexed_variable>
        <ns3:variable_name>RegNo</ns3:variable_name>
      </ns3:indexed_variable>
      <ns3:indexed_variable>
        <ns3:variable_name>PatientRecordID</ns3:variable_name>
      </ns3:indexed_variable>
    </ns3:index>
    <ns3:index>
      <ns3:name>TumourID-Tumour</ns3:name>
      <ns3:table>Tumour</ns3:table>
      <ns3:indexed_variable>
        <ns3:variable_name>TumourID</ns3:variable_name>
      </ns3:indexed_variable>
      <ns3:indexed_variable>
        <ns3:variable_name>PatientIDTumourTable</ns3:variable_name>
      </ns3:indexed_variable>
      <ns3:indexed_variable>
        <ns3:variable_name>PatientRecordIDTumourTable</ns3:variable_name>
      </ns3:indexed_variable>
      <ns3:indexed_variable>
        <ns3:variable_name>ObsoleteFlagTumourTable</ns3:variable_name>
      </ns3:indexed_variable>
    </ns3:index>
    <ns3:index>
      <ns3:name>Update Date-Tumour</ns3:name>
      <ns3:table>Tumour</ns3:table>
      <ns3:indexed_variable>
        <ns3:variable_name>UpDate</ns3:variable_name>
      </ns3:indexed_variable>
    </ns3:index>
    <ns3:index>
      <ns3:name>SourceID</ns3:name>
      <ns3:table>Source</ns3:table>
      <ns3:indexed_variable>
        <ns3:variable_name>SourceRecordID</ns3:variable_name>
      </ns3:indexed_variable>
      <ns3:indexed_variable>
        <ns3:variable_name>TumourIDSourceTable</ns3:variable_name>
      </ns3:indexed_variable>
    </ns3:index>
  </ns3:indexes>
  <ns3:miscellaneous>
    <ns3:coding>
      <ns3:male_code>1</ns3:male_code>
      <ns3:female_code>2</ns3:female_code>
      <ns3:unknown_sex_code>9</ns3:unknown_sex_code>
      <ns3:date_format>0</ns3:date_format>
      <ns3:date_separator>/</ns3:date_separator>
      <ns3:morphology_length>4</ns3:morphology_length>
      <ns3:registration_number_type>1</ns3:registration_number_type>
      <ns3:mult_prim_code_length>3</ns3:mult_prim_code_length>
      <ns3:basis_diag_codes>0</ns3:basis_diag_codes>
    </ns3:coding>
    <ns3:settings>
      <ns3:fast_safe_mode>1</ns3:fast_safe_mode>
      <ns3:mult_prim_rules>0</ns3:mult_prim_rules>
      <ns3:special_registry>0</ns3:special_registry>
      <ns3:password_rules>0</ns3:password_rules>
      <ns3:data_entry_language>en</ns3:data_entry_language>
    </ns3:settings>
  </ns3:miscellaneous>
</ns3:canreg>
